[debug] [2020-10-06T19:03:34.388Z] : 
[debug] [2020-10-06T19:03:34.389Z] : ----------------------------------------------------------------------
[debug] [2020-10-06T19:03:34.389Z] : Command:      C:\Program Files\nodejs\node.exe C:\Users\karim\AppData\Roaming\npm\node_modules\zcatalyst-cli\lib\bin\catalyst.js serve
[debug] [2020-10-06T19:03:34.389Z] : CLI Version:  1.0.4
[debug] [2020-10-06T19:03:34.389Z] : Platform:     win32
[debug] [2020-10-06T19:03:34.389Z] : Node Version: v10.19.0
[debug] [2020-10-06T19:03:34.390Z] : Time:         Tue Oct 06 2020 21:03:34 GMT+0200 (Eastern European Standard Time)
[debug] [2020-10-06T19:03:34.390Z] : ----------------------------------------------------------------------
[debug] [2020-10-06T19:03:34.390Z] : 
[debug] [2020-10-06T19:03:34.890Z] : > authorizing via signed-in user option
[debug] [2020-10-06T19:03:34.891Z] : > command requires scopes: ["ZohoCatalyst.projects.ALL","ZohoCatalyst.functions.ALL","ZohoCatalyst.functions.EXECUTE","ZohoCatalyst.webapp.ALL"]
[debug] [2020-10-06T19:03:34.903Z] : >>>> HTTP REQUEST : GET https://catalyst.zoho.com/baas/v1/project/1610000000016001 

[debug] [2020-10-06T19:03:36.089Z] : <<<< HTTP RESPONSE : 200
Response Headers: {"server":"ZGS","date":"Tue, 06 Oct 2020 19:03:35 GMT","content-type":"application/json;charset=UTF-8","transfer-encoding":"chunked","connection":"close","set-cookie":["46512fd555=ba2a1b22f2a5e14b0d2647f7e38884fc; Path=/","ZD_CSRF_TOKEN=f1d262c8-7a1c-4904-ac67-4b0d8363b89a;path=/;SameSite=None;Secure;priority=high"],"x-content-type-options":"nosniff","x-xss-protection":"1","pragma":"no-cache","cache-control":"no-cache","expires":"Thu, 01 Jan 1970 00:00:00 GMT","vary":"accept-encoding","strict-transport-security":"max-age=63072000"}

[debug] [2020-10-06T19:03:36.091Z] : >>>> HTTP REQUEST : GET https://catalyst.zoho.com/baas/v1/project/1610000000016001/environment 

[debug] [2020-10-06T19:03:36.970Z] : <<<< HTTP RESPONSE : 200
Response Headers: {"server":"ZGS","date":"Tue, 06 Oct 2020 19:03:36 GMT","content-type":"application/json;charset=UTF-8","transfer-encoding":"chunked","connection":"close","set-cookie":["46512fd555=63dd9cf89a6678b816d9580ec827ee61; Path=/","ZD_CSRF_TOKEN=1c767006-dba5-4df0-8e53-c5a41e172d07;path=/;SameSite=None;Secure;priority=high"],"x-content-type-options":"nosniff","x-xss-protection":"1","pragma":"no-cache","cache-control":"no-cache","expires":"Thu, 01 Jan 1970 00:00:00 GMT","vary":"accept-encoding","strict-transport-security":"max-age=63072000"}

[debug] [2020-10-06T19:03:36.972Z] : migration in process
[debug] [2020-10-06T19:03:36.972Z] : migration completed
[debug] [2020-10-06T19:03:37.183Z] : http port : '3000' is not available. Hence port '3001' will be used instead.
[info] [2020-10-06T19:03:37.185Z] : i functions[zoho_books_qr_code_function]: URL : http://localhost:3000/server/zoho_books_qr_code_function/
[info] [2020-10-06T19:03:37.185Z] : 
[info] [2020-10-06T19:03:37.200Z] : i client[qrCodeClient]: URL : http://localhost:3000/app/
[info] [2020-10-06T19:03:37.201Z] : 
